15:02:03.450 [main] INFO  c.t.c.avm.AppVersionRestApplication - Starting AppVersionRestApplication on gejiaxingdeMacBook-Pro.local with PID 15751 (/Users/gjason/project/app-version/modules/app-version-rest/target/classes started by gjason in /Users/gjason/project/app-version) 
15:02:03.453 [main] INFO  c.t.c.avm.AppVersionRestApplication - The following profiles are active: dev 
15:02:03.574 [main] INFO  o.s.b.c.e.AnnotationConfigEmbeddedWebApplicationContext - Refreshing org.springframework.boot.context.embedded.AnnotationConfigEmbeddedWebApplicationContext@7690781: startup date [Wed Feb 27 15:02:03 CST 2019]; root of context hierarchy 
15:02:04.494 [main] INFO  o.s.b.f.s.DefaultListableBeanFactory - Overriding bean definition for bean 'docService' with a different definition: replacing [Generic bean: class [com.tairanchina.csp.dew.core.doc.DocService]; scope=singleton; abstract=false; lazyInit=false; autowireMode=0; dependencyCheck=0; autowireCandidate=true; primary=false; factoryBeanName=null; factoryMethodName=null; initMethodName=null; destroyMethodName=null; defined in URL [jar:file:/Users/gjason/installapp/repository/com/tairanchina/csp/dew/boot-starter/1.5.0-RC/boot-starter-1.5.0-RC.jar!/com/tairanchina/csp/dew/core/doc/DocService.class]] with [Root bean: class [null]; scope=; abstract=false; lazyInit=false; autowireMode=3; dependencyCheck=0; autowireCandidate=true; primary=false; factoryBeanName=docAutoConfiguration; factoryMethodName=docService; initMethodName=null; destroyMethodName=(inferred); defined in class path resource [com/tairanchina/csp/dew/core/doc/DocAutoConfiguration.class]] 
15:02:04.496 [main] INFO  o.s.b.f.s.DefaultListableBeanFactory - Overriding bean definition for bean 'docController' with a different definition: replacing [Generic bean: class [com.tairanchina.csp.dew.core.doc.DocController]; scope=singleton; abstract=false; lazyInit=false; autowireMode=0; dependencyCheck=0; autowireCandidate=true; primary=false; factoryBeanName=null; factoryMethodName=null; initMethodName=null; destroyMethodName=null; defined in URL [jar:file:/Users/gjason/installapp/repository/com/tairanchina/csp/dew/boot-starter/1.5.0-RC/boot-starter-1.5.0-RC.jar!/com/tairanchina/csp/dew/core/doc/DocController.class]] with [Root bean: class [null]; scope=; abstract=false; lazyInit=false; autowireMode=3; dependencyCheck=0; autowireCandidate=true; primary=false; factoryBeanName=docLocalAutoConfiguration; factoryMethodName=docController; initMethodName=null; destroyMethodName=(inferred); defined in class path resource [com/tairanchina/csp/dew/core/doc/DocLocalAutoConfiguration.class]] 
15:02:04.497 [main] INFO  o.s.b.f.s.DefaultListableBeanFactory - Overriding bean definition for bean 'errorController' with a different definition: replacing [Generic bean: class [com.tairanchina.csp.dew.core.web.error.ErrorController]; scope=singleton; abstract=false; lazyInit=false; autowireMode=0; dependencyCheck=0; autowireCandidate=true; primary=false; factoryBeanName=null; factoryMethodName=null; initMethodName=null; destroyMethodName=null; defined in URL [jar:file:/Users/gjason/installapp/repository/com/tairanchina/csp/dew/boot-starter/1.5.0-RC/boot-starter-1.5.0-RC.jar!/com/tairanchina/csp/dew/core/web/error/ErrorController.class]] with [Root bean: class [null]; scope=; abstract=false; lazyInit=false; autowireMode=3; dependencyCheck=0; autowireCandidate=true; primary=false; factoryBeanName=errorAutoConfiguration; factoryMethodName=errorController; initMethodName=null; destroyMethodName=(inferred); defined in class path resource [com/tairanchina/csp/dew/core/web/error/ErrorAutoConfiguration.class]] 
15:02:04.503 [main] INFO  o.s.b.f.s.DefaultListableBeanFactory - Overriding bean definition for bean 'paginationInterceptor' with a different definition: replacing [Root bean: class [null]; scope=; abstract=false; lazyInit=false; autowireMode=3; dependencyCheck=0; autowireCandidate=true; primary=false; factoryBeanName=beanConfig; factoryMethodName=paginationInterceptor; initMethodName=null; destroyMethodName=(inferred); defined in class path resource [com/tairanchina/csp/avm/config/BeanConfig.class]] with [Root bean: class [null]; scope=; abstract=false; lazyInit=false; autowireMode=3; dependencyCheck=0; autowireCandidate=true; primary=false; factoryBeanName=appVersionRestApplication; factoryMethodName=paginationInterceptor; initMethodName=null; destroyMethodName=(inferred); defined in com.tairanchina.csp.avm.AppVersionRestApplication] 
15:02:04.764 [main] INFO  o.s.d.r.c.RepositoryConfigurationDelegate - Multiple Spring Data modules found, entering strict repository configuration mode! 
15:02:05.358 [main] INFO  c.t.c.d.c.w.e.ErrorAutoConfiguration - Load Auto Configuration : com.tairanchina.csp.dew.core.web.error.ErrorAutoConfiguration$$EnhancerBySpringCGLIB$$9050c270 
15:02:05.360 [main] INFO  o.s.c.s.PostProcessorRegistrationDelegate$BeanPostProcessorChecker - Bean 'errorAutoConfiguration' of type [com.tairanchina.csp.dew.core.web.error.ErrorAutoConfiguration$$EnhancerBySpringCGLIB$$9050c270] is not eligible for getting processed by all BeanPostProcessors (for example: not eligible for auto-proxying) 
15:02:05.384 [main] INFO  o.s.c.s.PostProcessorRegistrationDelegate$BeanPostProcessorChecker - Bean 'org.springframework.boot.autoconfigure.web.ServerPropertiesAutoConfiguration' of type [org.springframework.boot.autoconfigure.web.ServerPropertiesAutoConfiguration$$EnhancerBySpringCGLIB$$cd22327a] is not eligible for getting processed by all BeanPostProcessors (for example: not eligible for auto-proxying) 
15:02:05.464 [main] INFO  o.s.c.s.PostProcessorRegistrationDelegate$BeanPostProcessorChecker - Bean 'io.micrometer.spring.autoconfigure.export.StringToDurationConverter' of type [io.micrometer.spring.autoconfigure.export.StringToDurationConverter] is not eligible for getting processed by all BeanPostProcessors (for example: not eligible for auto-proxying) 
15:02:05.478 [main] INFO  o.s.c.s.PostProcessorRegistrationDelegate$BeanPostProcessorChecker - Bean 'serverProperties' of type [org.springframework.boot.autoconfigure.web.ServerProperties] is not eligible for getting processed by all BeanPostProcessors (for example: not eligible for auto-proxying) 
15:02:05.488 [main] INFO  o.s.c.s.PostProcessorRegistrationDelegate$BeanPostProcessorChecker - Bean 'spring.resources-org.springframework.boot.autoconfigure.web.ResourceProperties' of type [org.springframework.boot.autoconfigure.web.ResourceProperties] is not eligible for getting processed by all BeanPostProcessors (for example: not eligible for auto-proxying) 
15:02:05.491 [main] INFO  o.s.c.s.PostProcessorRegistrationDelegate$BeanPostProcessorChecker - Bean 'org.springframework.boot.autoconfigure.web.ErrorMvcAutoConfiguration$DefaultErrorViewResolverConfiguration' of type [org.springframework.boot.autoconfigure.web.ErrorMvcAutoConfiguration$DefaultErrorViewResolverConfiguration$$EnhancerBySpringCGLIB$$d964c9fe] is not eligible for getting processed by all BeanPostProcessors (for example: not eligible for auto-proxying) 
15:02:05.497 [main] INFO  o.s.c.s.PostProcessorRegistrationDelegate$BeanPostProcessorChecker - Bean 'conventionErrorViewResolver' of type [org.springframework.boot.autoconfigure.web.DefaultErrorViewResolver] is not eligible for getting processed by all BeanPostProcessors (for example: not eligible for auto-proxying) 
15:02:05.500 [main] INFO  o.s.c.s.PostProcessorRegistrationDelegate$BeanPostProcessorChecker - Bean 'org.springframework.boot.autoconfigure.web.ErrorMvcAutoConfiguration' of type [org.springframework.boot.autoconfigure.web.ErrorMvcAutoConfiguration$$EnhancerBySpringCGLIB$$ccc7c09e] is not eligible for getting processed by all BeanPostProcessors (for example: not eligible for auto-proxying) 
15:02:05.504 [main] INFO  o.s.c.s.PostProcessorRegistrationDelegate$BeanPostProcessorChecker - Bean 'errorAttributes' of type [org.springframework.boot.autoconfigure.web.DefaultErrorAttributes] is not eligible for getting processed by all BeanPostProcessors (for example: not eligible for auto-proxying) 
15:02:05.511 [main] INFO  o.s.c.s.PostProcessorRegistrationDelegate$BeanPostProcessorChecker - Bean 'errorController' of type [com.tairanchina.csp.dew.core.web.error.ErrorController] is not eligible for getting processed by all BeanPostProcessors (for example: not eligible for auto-proxying) 
15:02:05.623 [main] INFO  o.s.c.s.PostProcessorRegistrationDelegate$BeanPostProcessorChecker - Bean 'org.springframework.transaction.annotation.ProxyTransactionManagementConfiguration' of type [org.springframework.transaction.annotation.ProxyTransactionManagementConfiguration$$EnhancerBySpringCGLIB$$16ccb6aa] is not eligible for getting processed by all BeanPostProcessors (for example: not eligible for auto-proxying) 
15:02:05.972 [main] INFO  o.s.b.c.e.t.TomcatEmbeddedServletContainer - Tomcat initialized with port(s): 8084 (http) 
15:02:05.990 [main] INFO  o.a.catalina.core.StandardService - Starting service [Tomcat] 
15:02:05.991 [main] INFO  o.a.catalina.core.StandardEngine - Starting Servlet Engine: Apache Tomcat/8.5.31 
15:02:06.075 [localhost-startStop-1] INFO  o.a.c.c.C.[Tomcat].[localhost].[/] - Initializing Spring embedded WebApplicationContext 
15:02:06.075 [localhost-startStop-1] INFO  o.s.web.context.ContextLoader - Root WebApplicationContext: initialization completed in 2501 ms 
15:02:06.378 [localhost-startStop-1] INFO  com.tairanchina.csp.dew.Dew - Load Auto Configuration : com.tairanchina.csp.dew.Dew$$EnhancerBySpringCGLIB$$15a77238 
15:02:06.380 [localhost-startStop-1] INFO  com.tairanchina.csp.dew.Dew - Load Dew basic info... 
15:02:06.394 [localhost-startStop-1] INFO  c.t.c.d.c.a.AuthAutoConfiguration - Load Auto Configuration : com.tairanchina.csp.dew.core.auth.AuthAutoConfiguration$$EnhancerBySpringCGLIB$$74a6868a 
15:02:06.402 [localhost-startStop-1] INFO  com.tairanchina.csp.dew.Dew - Use Auth Adapter:com.tairanchina.csp.dew.core.auth.BasicAuthAdapter 
15:02:06.402 [localhost-startStop-1] INFO  com.tairanchina.csp.dew.Dew - Load Dew cluster... 
15:02:06.409 [localhost-startStop-1] INFO  c.t.c.d.c.c.s.r.RedisAutoConfiguration - Load Auto Configuration : com.tairanchina.csp.dew.core.cluster.spi.redis.RedisAutoConfiguration$$EnhancerBySpringCGLIB$$83060f66 
15:02:06.709 [localhost-startStop-1] INFO  c.t.csp.dew.core.cluster.Cluster - HA initialized 
15:02:06.710 [localhost-startStop-1] INFO  com.tairanchina.csp.dew.Dew - Load Dew funs... 
15:02:06.727 [localhost-startStop-1] INFO  com.tairanchina.csp.dew.DewStartup - Load Auto Configuration : com.tairanchina.csp.dew.DewStartup$$EnhancerBySpringCGLIB$$d9f726c3 
15:02:07.098 [localhost-startStop-1] INFO  s.d.s.w.PropertySourcedRequestMappingHandlerMapping - Mapped URL path [/v2/api-docs] onto method [public org.springframework.http.ResponseEntity<springfox.documentation.spring.web.json.Json> springfox.documentation.swagger2.web.Swagger2Controller.getDocumentation(java.lang.String,javax.servlet.http.HttpServletRequest)] 
15:02:07.130 [localhost-startStop-1] INFO  c.t.c.d.c.w.i.InterceptorWebAutoConfiguration - Load Auto Configuration : com.tairanchina.csp.dew.core.web.interceptor.InterceptorWebAutoConfiguration$$EnhancerBySpringCGLIB$$6e0f3e42 
15:02:07.263 [localhost-startStop-1] INFO  c.t.c.d.c.b.u.c.ConvertAutoConfiguration - Load Auto Configuration : com.tairanchina.csp.dew.core.basic.utils.convert.ConvertAutoConfiguration$$EnhancerBySpringCGLIB$$af0c13fd 
15:02:07.320 [localhost-startStop-1] INFO  o.s.w.s.m.m.a.RequestMappingHandlerMapping - Mapped "{[/c/{tenantAppId}/{key}/{version}/{platform}],methods=[GET]}" onto public com.tairanchina.csp.avm.dto.ServiceResult com.tairanchina.csp.avm.controller.CustomApiController.custom(java.lang.String,java.lang.String,java.lang.String,java.lang.String) 
15:02:07.322 [localhost-startStop-1] INFO  o.s.w.s.m.m.a.RequestMappingHandlerMapping - Mapped "{[/route/{version}-{tenantAppId}-{platform}-{status}],methods=[GET]}" onto public com.tairanchina.csp.avm.dto.ServiceResult com.tairanchina.csp.avm.controller.RnController.route(java.lang.String,java.lang.String,java.lang.String,java.lang.Integer) 
15:02:07.322 [localhost-startStop-1] INFO  o.s.w.s.m.m.a.RequestMappingHandlerMapping - Mapped "{[/bundles/{version}-{tenantAppId}-{platform}-{status}],methods=[GET]}" onto public com.tairanchina.csp.avm.dto.ServiceResult com.tairanchina.csp.avm.controller.RnController.bundles(java.lang.String,java.lang.String,java.lang.String,java.lang.Integer) 
15:02:07.324 [localhost-startStop-1] INFO  o.s.w.s.m.m.a.RequestMappingHandlerMapping - Mapped "{[/v/{tenantAppId}-{version}-{channelCode}-{platform}],methods=[GET]}" onto public com.tairanchina.csp.avm.dto.ServiceResult com.tairanchina.csp.avm.controller.VersionController.version(java.lang.String,java.lang.String,java.lang.String,java.lang.String) 
15:02:07.324 [localhost-startStop-1] INFO  o.s.w.s.m.m.a.RequestMappingHandlerMapping - Mapped "{[/v/download/{apkId}],methods=[GET]}" onto public com.tairanchina.csp.avm.dto.ServiceResult com.tairanchina.csp.avm.controller.VersionController.download(int) throws java.io.IOException 
15:02:07.325 [localhost-startStop-1] INFO  o.s.w.s.m.m.a.RequestMappingHandlerMapping - Mapped "{[/v/apk/download/{appId}],methods=[GET]}" onto public com.tairanchina.csp.avm.dto.ServiceResult com.tairanchina.csp.avm.controller.VersionController.downloadAPK(java.lang.String,java.lang.String) 
15:02:07.328 [localhost-startStop-1] INFO  o.s.w.s.m.m.a.RequestMappingHandlerMapping - Mapped "{[/management-admin/doc/offline],methods=[PUT]}" onto public java.lang.String com.tairanchina.csp.dew.core.doc.DocController.generateOfflineDoc(com.tairanchina.csp.dew.core.doc.OfflineDocGenerateReq) throws java.lang.Exception 
15:02:07.331 [localhost-startStop-1] INFO  o.s.w.s.m.m.a.RequestMappingHandlerMapping - Mapped "{[/error]}" onto public java.lang.Object com.tairanchina.csp.dew.core.web.error.ErrorController.error(javax.servlet.http.HttpServletRequest) 
15:02:07.334 [localhost-startStop-1] INFO  o.s.w.s.m.m.a.RequestMappingHandlerMapping - Mapped "{[/swagger-resources/configuration/ui]}" onto public org.springframework.http.ResponseEntity<springfox.documentation.swagger.web.UiConfiguration> springfox.documentation.swagger.web.ApiResourceController.uiConfiguration() 
15:02:07.335 [localhost-startStop-1] INFO  o.s.w.s.m.m.a.RequestMappingHandlerMapping - Mapped "{[/swagger-resources/configuration/security]}" onto public org.springframework.http.ResponseEntity<springfox.documentation.swagger.web.SecurityConfiguration> springfox.documentation.swagger.web.ApiResourceController.securityConfiguration() 
15:02:07.336 [localhost-startStop-1] INFO  o.s.w.s.m.m.a.RequestMappingHandlerMapping - Mapped "{[/swagger-resources]}" onto public org.springframework.http.ResponseEntity<java.util.List<springfox.documentation.swagger.web.SwaggerResource>> springfox.documentation.swagger.web.ApiResourceController.swaggerResources() 
15:02:07.401 [localhost-startStop-1] INFO  o.s.w.s.h.SimpleUrlHandlerMapping - Mapped URL path [/webjars/**] onto handler of type [class org.springframework.web.servlet.resource.ResourceHttpRequestHandler] 
15:02:07.401 [localhost-startStop-1] INFO  o.s.w.s.h.SimpleUrlHandlerMapping - Mapped URL path [/**] onto handler of type [class org.springframework.web.servlet.resource.ResourceHttpRequestHandler] 
15:02:07.436 [localhost-startStop-1] INFO  o.s.w.s.h.SimpleUrlHandlerMapping - Mapped URL path [/**/favicon.ico] onto handler of type [class org.springframework.web.servlet.resource.ResourceHttpRequestHandler] 
15:02:08.113 [localhost-startStop-1] INFO  o.s.b.a.e.m.EndpointHandlerMapping - Mapped "{[/metrics/{name:.*}],methods=[GET],produces=[application/vnd.spring-boot.actuator.v1+json || application/json]}" onto public java.lang.Object org.springframework.boot.actuate.endpoint.mvc.MetricsMvcEndpoint.value(java.lang.String) 
15:02:08.114 [localhost-startStop-1] INFO  o.s.b.a.e.m.EndpointHandlerMapping - Mapped "{[/metrics || /metrics.json],methods=[GET],produces=[application/vnd.spring-boot.actuator.v1+json || application/json]}" onto public java.lang.Object org.springframework.boot.actuate.endpoint.mvc.EndpointMvcAdapter.invoke() 
15:02:08.114 [localhost-startStop-1] INFO  o.s.b.a.e.m.EndpointHandlerMapping - Mapped "{[/mappings || /mappings.json],methods=[GET],produces=[application/vnd.spring-boot.actuator.v1+json || application/json]}" onto public java.lang.Object org.springframework.boot.actuate.endpoint.mvc.EndpointMvcAdapter.invoke() 
15:02:08.115 [localhost-startStop-1] INFO  o.s.b.a.e.m.EndpointHandlerMapping - Mapped "{[/dump || /dump.json],methods=[GET],produces=[application/vnd.spring-boot.actuator.v1+json || application/json]}" onto public java.lang.Object org.springframework.boot.actuate.endpoint.mvc.EndpointMvcAdapter.invoke() 
15:02:08.115 [localhost-startStop-1] INFO  o.s.b.a.e.m.EndpointHandlerMapping - Mapped "{[/auditevents || /auditevents.json],methods=[GET],produces=[application/vnd.spring-boot.actuator.v1+json || application/json]}" onto public org.springframework.http.ResponseEntity<?> org.springframework.boot.actuate.endpoint.mvc.AuditEventsMvcEndpoint.findByPrincipalAndAfterAndType(java.lang.String,java.util.Date,java.lang.String) 
15:02:08.116 [localhost-startStop-1] INFO  o.s.b.a.e.m.EndpointHandlerMapping - Mapped "{[/logfile || /logfile.json],methods=[GET || HEAD]}" onto public void org.springframework.boot.actuate.endpoint.mvc.LogFileMvcEndpoint.invoke(javax.servlet.http.HttpServletRequest,javax.servlet.http.HttpServletResponse) throws javax.servlet.ServletException,java.io.IOException 
15:02:08.117 [localhost-startStop-1] INFO  o.s.b.a.e.m.EndpointHandlerMapping - Mapped "{[/loggers/{name:.*}],methods=[GET],produces=[application/vnd.spring-boot.actuator.v1+json || application/json]}" onto public java.lang.Object org.springframework.boot.actuate.endpoint.mvc.LoggersMvcEndpoint.get(java.lang.String) 
15:02:08.118 [localhost-startStop-1] INFO  o.s.b.a.e.m.EndpointHandlerMapping - Mapped "{[/loggers/{name:.*}],methods=[POST],consumes=[application/vnd.spring-boot.actuator.v1+json || application/json],produces=[application/vnd.spring-boot.actuator.v1+json || application/json]}" onto public java.lang.Object org.springframework.boot.actuate.endpoint.mvc.LoggersMvcEndpoint.set(java.lang.String,java.util.Map<java.lang.String, java.lang.String>) 
15:02:08.118 [localhost-startStop-1] INFO  o.s.b.a.e.m.EndpointHandlerMapping - Mapped "{[/loggers || /loggers.json],methods=[GET],produces=[application/vnd.spring-boot.actuator.v1+json || application/json]}" onto public java.lang.Object org.springframework.boot.actuate.endpoint.mvc.EndpointMvcAdapter.invoke() 
15:02:08.118 [localhost-startStop-1] INFO  o.s.b.a.e.m.EndpointHandlerMapping - Mapped "{[/beans || /beans.json],methods=[GET],produces=[application/vnd.spring-boot.actuator.v1+json || application/json]}" onto public java.lang.Object org.springframework.boot.actuate.endpoint.mvc.EndpointMvcAdapter.invoke() 
15:02:08.119 [localhost-startStop-1] INFO  o.s.b.a.e.m.EndpointHandlerMapping - Mapped "{[/health || /health.json],methods=[GET],produces=[application/vnd.spring-boot.actuator.v1+json || application/json]}" onto public java.lang.Object org.springframework.boot.actuate.endpoint.mvc.HealthMvcEndpoint.invoke(javax.servlet.http.HttpServletRequest,java.security.Principal) 
15:02:08.120 [localhost-startStop-1] INFO  o.s.b.a.e.m.EndpointHandlerMapping - Mapped "{[/env/{name:.*}],methods=[GET],produces=[application/vnd.spring-boot.actuator.v1+json || application/json]}" onto public java.lang.Object org.springframework.boot.actuate.endpoint.mvc.EnvironmentMvcEndpoint.value(java.lang.String) 
15:02:08.120 [localhost-startStop-1] INFO  o.s.b.a.e.m.EndpointHandlerMapping - Mapped "{[/env || /env.json],methods=[GET],produces=[application/vnd.spring-boot.actuator.v1+json || application/json]}" onto public java.lang.Object org.springframework.boot.actuate.endpoint.mvc.EndpointMvcAdapter.invoke() 
15:02:08.121 [localhost-startStop-1] INFO  o.s.b.a.e.m.EndpointHandlerMapping - Mapped "{[/heapdump || /heapdump.json],methods=[GET],produces=[application/octet-stream]}" onto public void org.springframework.boot.actuate.endpoint.mvc.HeapdumpMvcEndpoint.invoke(boolean,javax.servlet.http.HttpServletRequest,javax.servlet.http.HttpServletResponse) throws java.io.IOException,javax.servlet.ServletException 
15:02:08.121 [localhost-startStop-1] INFO  o.s.b.a.e.m.EndpointHandlerMapping - Mapped "{[/info || /info.json],methods=[GET],produces=[application/vnd.spring-boot.actuator.v1+json || application/json]}" onto public java.lang.Object org.springframework.boot.actuate.endpoint.mvc.EndpointMvcAdapter.invoke() 
15:02:08.122 [localhost-startStop-1] INFO  o.s.b.a.e.m.EndpointHandlerMapping - Mapped "{[/trace || /trace.json],methods=[GET],produces=[application/vnd.spring-boot.actuator.v1+json || application/json]}" onto public java.lang.Object org.springframework.boot.actuate.endpoint.mvc.EndpointMvcAdapter.invoke() 
15:02:08.122 [localhost-startStop-1] INFO  o.s.b.a.e.m.EndpointHandlerMapping - Mapped "{[/autoconfig || /autoconfig.json],methods=[GET],produces=[application/vnd.spring-boot.actuator.v1+json || application/json]}" onto public java.lang.Object org.springframework.boot.actuate.endpoint.mvc.EndpointMvcAdapter.invoke() 
15:02:08.122 [localhost-startStop-1] INFO  o.s.b.a.e.m.EndpointHandlerMapping - Mapped "{[/configprops || /configprops.json],methods=[GET],produces=[application/vnd.spring-boot.actuator.v1+json || application/json]}" onto public java.lang.Object org.springframework.boot.actuate.endpoint.mvc.EndpointMvcAdapter.invoke() 
15:02:08.202 [localhost-startStop-1] INFO  o.s.b.w.s.ServletRegistrationBean - Mapping servlet: 'dispatcherServlet' to [/] 
15:02:08.206 [localhost-startStop-1] INFO  o.s.b.w.s.FilterRegistrationBean - Mapping filter: 'dewStartupFilter' to: [/*] 
15:02:08.206 [localhost-startStop-1] INFO  o.s.b.w.s.FilterRegistrationBean - Mapping filter: 'webMetricsFilter' to: [/*] 
15:02:08.206 [localhost-startStop-1] INFO  o.s.b.w.s.FilterRegistrationBean - Mapping filter: 'metricsFilter' to: [/*] 
15:02:08.206 [localhost-startStop-1] INFO  o.s.b.w.s.FilterRegistrationBean - Mapping filter: 'characterEncodingFilter' to: [/*] 
15:02:08.206 [localhost-startStop-1] INFO  o.s.b.w.s.FilterRegistrationBean - Mapping filter: 'hiddenHttpMethodFilter' to: [/*] 
15:02:08.206 [localhost-startStop-1] INFO  o.s.b.w.s.FilterRegistrationBean - Mapping filter: 'httpPutFormContentFilter' to: [/*] 
15:02:08.206 [localhost-startStop-1] INFO  o.s.b.w.s.FilterRegistrationBean - Mapping filter: 'requestContextFilter' to: [/*] 
15:02:08.206 [localhost-startStop-1] INFO  o.s.b.w.s.FilterRegistrationBean - Mapping filter: 'webRequestLoggingFilter' to: [/*] 
15:02:08.206 [localhost-startStop-1] INFO  o.s.b.w.s.FilterRegistrationBean - Mapping filter: 'applicationContextIdFilter' to: [/*] 
15:02:09.077 [main] WARN  c.b.m.toolkit.TableInfoHelper - Warn: Could not find @TableId in Class: com.tairanchina.csp.avm.entity.UserAppRel. 
15:02:09.077 [main] WARN  c.b.m.mapper.AutoSqlInjector - class com.tairanchina.csp.avm.entity.UserAppRel ,Not found @TableId annotation, Cannot use Mybatis-Plus 'xxById' Method. 
15:02:10.152 [main] INFO  o.s.w.s.m.m.a.RequestMappingHandlerAdapter - Looking for @ControllerAdvice: org.springframework.boot.context.embedded.AnnotationConfigEmbeddedWebApplicationContext@7690781: startup date [Wed Feb 27 15:02:03 CST 2019]; root of context hierarchy 
15:02:10.609 [main] INFO  o.s.j.e.a.AnnotationMBeanExporter - Registering beans for JMX exposure on startup 
15:02:10.621 [main] INFO  o.s.c.s.DefaultLifecycleProcessor - Starting beans in phase 0 
15:02:10.669 [main] INFO  o.s.c.s.DefaultLifecycleProcessor - Starting beans in phase 2147483647 
15:02:10.669 [main] INFO  s.d.s.w.p.DocumentationPluginsBootstrapper - Context refreshed 
15:02:10.680 [main] INFO  s.d.s.w.p.DocumentationPluginsBootstrapper - Found 1 custom documentation plugin(s) 
15:02:10.702 [main] INFO  s.d.s.w.s.ApiListingReferenceScanner - Scanning for api listing references 
15:02:10.753 [main] INFO  o.s.b.c.e.t.TomcatEmbeddedServletContainer - Tomcat started on port(s): 8084 (http) 
15:02:10.759 [main] INFO  c.t.c.avm.AppVersionRestApplication - Started AppVersionRestApplication in 8.074 seconds (JVM running for 9.386) 
15:22:24.197 [Thread-26] INFO  o.s.b.c.e.AnnotationConfigEmbeddedWebApplicationContext - Closing org.springframework.boot.context.embedded.AnnotationConfigEmbeddedWebApplicationContext@7690781: startup date [Wed Feb 27 15:02:03 CST 2019]; root of context hierarchy 
15:22:24.203 [Thread-26] INFO  o.s.c.s.DefaultLifecycleProcessor - Stopping beans in phase 2147483647 
15:22:24.204 [Thread-26] INFO  o.s.c.s.DefaultLifecycleProcessor - Stopping beans in phase 0 
15:22:24.208 [Thread-26] INFO  o.s.j.e.a.AnnotationMBeanExporter - Unregistering JMX-exposed beans on shutdown 
