15:00:55 [main] INFO  c.t.c.a.AppVersionManagerApplication - Starting AppVersionManagerApplication on gejiaxingdeMacBook-Pro.local with PID 15728 (/Users/gjason/project/app-version/modules/app-version-manager/target/classes started by gjason in /Users/gjason/project/app-version) 
15:00:55 [main] INFO  c.t.c.a.AppVersionManagerApplication - The following profiles are active: dev 
15:00:55 [main] INFO  o.s.b.c.e.AnnotationConfigEmbeddedWebApplicationContext - Refreshing org.springframework.boot.context.embedded.AnnotationConfigEmbeddedWebApplicationContext@3246fb96: startup date [Wed Feb 27 15:00:55 CST 2019]; root of context hierarchy 
15:00:56 [main] INFO  o.s.b.f.s.DefaultListableBeanFactory - Overriding bean definition for bean 'docService' with a different definition: replacing [Generic bean: class [com.tairanchina.csp.dew.core.doc.DocService]; scope=singleton; abstract=false; lazyInit=false; autowireMode=0; dependencyCheck=0; autowireCandidate=true; primary=false; factoryBeanName=null; factoryMethodName=null; initMethodName=null; destroyMethodName=null; defined in URL [jar:file:/Users/gjason/installapp/repository/com/tairanchina/csp/dew/boot-starter/1.5.0-RC/boot-starter-1.5.0-RC.jar!/com/tairanchina/csp/dew/core/doc/DocService.class]] with [Root bean: class [null]; scope=; abstract=false; lazyInit=false; autowireMode=3; dependencyCheck=0; autowireCandidate=true; primary=false; factoryBeanName=docAutoConfiguration; factoryMethodName=docService; initMethodName=null; destroyMethodName=(inferred); defined in class path resource [com/tairanchina/csp/dew/core/doc/DocAutoConfiguration.class]] 
15:00:56 [main] INFO  o.s.b.f.s.DefaultListableBeanFactory - Overriding bean definition for bean 'docController' with a different definition: replacing [Generic bean: class [com.tairanchina.csp.dew.core.doc.DocController]; scope=singleton; abstract=false; lazyInit=false; autowireMode=0; dependencyCheck=0; autowireCandidate=true; primary=false; factoryBeanName=null; factoryMethodName=null; initMethodName=null; destroyMethodName=null; defined in URL [jar:file:/Users/gjason/installapp/repository/com/tairanchina/csp/dew/boot-starter/1.5.0-RC/boot-starter-1.5.0-RC.jar!/com/tairanchina/csp/dew/core/doc/DocController.class]] with [Root bean: class [null]; scope=; abstract=false; lazyInit=false; autowireMode=3; dependencyCheck=0; autowireCandidate=true; primary=false; factoryBeanName=docLocalAutoConfiguration; factoryMethodName=docController; initMethodName=null; destroyMethodName=(inferred); defined in class path resource [com/tairanchina/csp/dew/core/doc/DocLocalAutoConfiguration.class]] 
15:00:56 [main] INFO  o.s.b.f.s.DefaultListableBeanFactory - Overriding bean definition for bean 'errorController' with a different definition: replacing [Generic bean: class [com.tairanchina.csp.dew.core.web.error.ErrorController]; scope=singleton; abstract=false; lazyInit=false; autowireMode=0; dependencyCheck=0; autowireCandidate=true; primary=false; factoryBeanName=null; factoryMethodName=null; initMethodName=null; destroyMethodName=null; defined in URL [jar:file:/Users/gjason/installapp/repository/com/tairanchina/csp/dew/boot-starter/1.5.0-RC/boot-starter-1.5.0-RC.jar!/com/tairanchina/csp/dew/core/web/error/ErrorController.class]] with [Root bean: class [null]; scope=; abstract=false; lazyInit=false; autowireMode=3; dependencyCheck=0; autowireCandidate=true; primary=false; factoryBeanName=errorAutoConfiguration; factoryMethodName=errorController; initMethodName=null; destroyMethodName=(inferred); defined in class path resource [com/tairanchina/csp/dew/core/web/error/ErrorAutoConfiguration.class]] 
15:00:56 [main] INFO  o.s.b.f.s.DefaultListableBeanFactory - Overriding bean definition for bean 'paginationInterceptor' with a different definition: replacing [Root bean: class [null]; scope=; abstract=false; lazyInit=false; autowireMode=3; dependencyCheck=0; autowireCandidate=true; primary=false; factoryBeanName=beanConfig; factoryMethodName=paginationInterceptor; initMethodName=null; destroyMethodName=(inferred); defined in class path resource [com/tairanchina/csp/avm/config/BeanConfig.class]] with [Root bean: class [null]; scope=; abstract=false; lazyInit=false; autowireMode=3; dependencyCheck=0; autowireCandidate=true; primary=false; factoryBeanName=appVersionManagerApplication; factoryMethodName=paginationInterceptor; initMethodName=null; destroyMethodName=(inferred); defined in com.tairanchina.csp.avm.AppVersionManagerApplication] 
15:00:57 [main] INFO  o.s.d.r.c.RepositoryConfigurationDelegate - Multiple Spring Data modules found, entering strict repository configuration mode! 
15:00:57 [main] INFO  c.t.c.d.c.w.e.ErrorAutoConfiguration - Load Auto Configuration : com.tairanchina.csp.dew.core.web.error.ErrorAutoConfiguration$$EnhancerBySpringCGLIB$$7e4302a8 
15:00:57 [main] INFO  o.s.c.s.PostProcessorRegistrationDelegate$BeanPostProcessorChecker - Bean 'errorAutoConfiguration' of type [com.tairanchina.csp.dew.core.web.error.ErrorAutoConfiguration$$EnhancerBySpringCGLIB$$7e4302a8] is not eligible for getting processed by all BeanPostProcessors (for example: not eligible for auto-proxying) 
15:00:57 [main] INFO  o.s.c.s.PostProcessorRegistrationDelegate$BeanPostProcessorChecker - Bean 'org.springframework.boot.autoconfigure.web.ServerPropertiesAutoConfiguration' of type [org.springframework.boot.autoconfigure.web.ServerPropertiesAutoConfiguration$$EnhancerBySpringCGLIB$$bb1472b2] is not eligible for getting processed by all BeanPostProcessors (for example: not eligible for auto-proxying) 
15:00:57 [main] INFO  o.s.c.s.PostProcessorRegistrationDelegate$BeanPostProcessorChecker - Bean 'io.micrometer.spring.autoconfigure.export.StringToDurationConverter' of type [io.micrometer.spring.autoconfigure.export.StringToDurationConverter] is not eligible for getting processed by all BeanPostProcessors (for example: not eligible for auto-proxying) 
15:00:57 [main] INFO  o.s.c.s.PostProcessorRegistrationDelegate$BeanPostProcessorChecker - Bean 'serverProperties' of type [org.springframework.boot.autoconfigure.web.ServerProperties] is not eligible for getting processed by all BeanPostProcessors (for example: not eligible for auto-proxying) 
15:00:57 [main] INFO  o.s.c.s.PostProcessorRegistrationDelegate$BeanPostProcessorChecker - Bean 'spring.resources-org.springframework.boot.autoconfigure.web.ResourceProperties' of type [org.springframework.boot.autoconfigure.web.ResourceProperties] is not eligible for getting processed by all BeanPostProcessors (for example: not eligible for auto-proxying) 
15:00:57 [main] INFO  o.s.c.s.PostProcessorRegistrationDelegate$BeanPostProcessorChecker - Bean 'org.springframework.boot.autoconfigure.web.ErrorMvcAutoConfiguration$DefaultErrorViewResolverConfiguration' of type [org.springframework.boot.autoconfigure.web.ErrorMvcAutoConfiguration$DefaultErrorViewResolverConfiguration$$EnhancerBySpringCGLIB$$c7570a36] is not eligible for getting processed by all BeanPostProcessors (for example: not eligible for auto-proxying) 
15:00:57 [main] INFO  o.s.c.s.PostProcessorRegistrationDelegate$BeanPostProcessorChecker - Bean 'conventionErrorViewResolver' of type [org.springframework.boot.autoconfigure.web.DefaultErrorViewResolver] is not eligible for getting processed by all BeanPostProcessors (for example: not eligible for auto-proxying) 
15:00:57 [main] INFO  o.s.c.s.PostProcessorRegistrationDelegate$BeanPostProcessorChecker - Bean 'org.springframework.boot.autoconfigure.web.ErrorMvcAutoConfiguration' of type [org.springframework.boot.autoconfigure.web.ErrorMvcAutoConfiguration$$EnhancerBySpringCGLIB$$baba00d6] is not eligible for getting processed by all BeanPostProcessors (for example: not eligible for auto-proxying) 
15:00:57 [main] INFO  o.s.c.s.PostProcessorRegistrationDelegate$BeanPostProcessorChecker - Bean 'errorAttributes' of type [org.springframework.boot.autoconfigure.web.DefaultErrorAttributes] is not eligible for getting processed by all BeanPostProcessors (for example: not eligible for auto-proxying) 
15:00:57 [main] INFO  o.s.c.s.PostProcessorRegistrationDelegate$BeanPostProcessorChecker - Bean 'errorController' of type [com.tairanchina.csp.dew.core.web.error.ErrorController] is not eligible for getting processed by all BeanPostProcessors (for example: not eligible for auto-proxying) 
15:00:58 [main] INFO  o.s.c.s.PostProcessorRegistrationDelegate$BeanPostProcessorChecker - Bean 'org.springframework.transaction.annotation.ProxyTransactionManagementConfiguration' of type [org.springframework.transaction.annotation.ProxyTransactionManagementConfiguration$$EnhancerBySpringCGLIB$$4bef6e2] is not eligible for getting processed by all BeanPostProcessors (for example: not eligible for auto-proxying) 
15:00:58 [main] INFO  o.s.b.c.e.t.TomcatEmbeddedServletContainer - Tomcat initialized with port(s): 8086 (http) 
15:00:58 [main] INFO  o.a.catalina.core.StandardService - Starting service [Tomcat] 
15:00:58 [main] INFO  o.a.catalina.core.StandardEngine - Starting Servlet Engine: Apache Tomcat/8.5.31 
15:00:58 [localhost-startStop-1] INFO  o.a.c.c.C.[Tomcat].[localhost].[/] - Initializing Spring embedded WebApplicationContext 
15:00:58 [localhost-startStop-1] INFO  o.s.web.context.ContextLoader - Root WebApplicationContext: initialization completed in 3354 ms 
15:00:59 [localhost-startStop-1] INFO  com.tairanchina.csp.dew.Dew - Load Auto Configuration : com.tairanchina.csp.dew.Dew$$EnhancerBySpringCGLIB$$399b270 
15:00:59 [localhost-startStop-1] INFO  com.tairanchina.csp.dew.Dew - Load Dew basic info... 
15:00:59 [localhost-startStop-1] INFO  c.t.c.d.c.a.AuthAutoConfiguration - Load Auto Configuration : com.tairanchina.csp.dew.core.auth.AuthAutoConfiguration$$EnhancerBySpringCGLIB$$6298c6c2 
15:00:59 [localhost-startStop-1] INFO  com.tairanchina.csp.dew.Dew - Use Auth Adapter:com.tairanchina.csp.dew.core.auth.BasicAuthAdapter 
15:00:59 [localhost-startStop-1] INFO  com.tairanchina.csp.dew.Dew - Load Dew cluster... 
15:00:59 [localhost-startStop-1] INFO  c.t.c.d.c.c.s.r.RedisAutoConfiguration - Load Auto Configuration : com.tairanchina.csp.dew.core.cluster.spi.redis.RedisAutoConfiguration$$EnhancerBySpringCGLIB$$70f84f9e 
15:00:59 [localhost-startStop-1] INFO  com.tairanchina.csp.dew.Dew - Load Dew funs... 
15:00:59 [localhost-startStop-1] INFO  com.tairanchina.csp.dew.DewStartup - Load Auto Configuration : com.tairanchina.csp.dew.DewStartup$$EnhancerBySpringCGLIB$$c7e966fb 
15:00:59 [localhost-startStop-1] INFO  s.d.s.w.PropertySourcedRequestMappingHandlerMapping - Mapped URL path [/v2/api-docs] onto method [public org.springframework.http.ResponseEntity<springfox.documentation.spring.web.json.Json> springfox.documentation.swagger2.web.Swagger2Controller.getDocumentation(java.lang.String,javax.servlet.http.HttpServletRequest)] 
15:01:02 [localhost-startStop-1] WARN  c.b.m.toolkit.TableInfoHelper - Warn: Could not find @TableId in Class: com.tairanchina.csp.avm.entity.UserAppRel. 
15:01:02 [localhost-startStop-1] WARN  c.b.m.mapper.AutoSqlInjector - class com.tairanchina.csp.avm.entity.UserAppRel ,Not found @TableId annotation, Cannot use Mybatis-Plus 'xxById' Method. 
15:01:03 [localhost-startStop-1] INFO  c.t.c.d.c.w.i.InterceptorWebAutoConfiguration - Load Auto Configuration : com.tairanchina.csp.dew.core.web.interceptor.InterceptorWebAutoConfiguration$$EnhancerBySpringCGLIB$$5c017e7a 
15:01:03 [localhost-startStop-1] INFO  c.t.c.d.c.b.u.c.ConvertAutoConfiguration - Load Auto Configuration : com.tairanchina.csp.dew.core.basic.utils.convert.ConvertAutoConfiguration$$EnhancerBySpringCGLIB$$9cfe5435 
15:01:03 [localhost-startStop-1] INFO  o.s.w.s.m.m.a.RequestMappingHandlerMapping - Mapped "{[/admin/isAdmin],methods=[GET]}" onto public com.tairanchina.csp.avm.dto.ServiceResult com.tairanchina.csp.avm.controller.AdminController.isAdmin() 
15:01:03 [localhost-startStop-1] INFO  o.s.w.s.m.m.a.RequestMappingHandlerMapping - Mapped "{[/admin/user/list],methods=[GET]}" onto public com.tairanchina.csp.avm.dto.ServiceResult com.tairanchina.csp.avm.controller.AdminController.listUser(int,int,int,java.lang.String) 
15:01:03 [localhost-startStop-1] INFO  o.s.w.s.m.m.a.RequestMappingHandlerMapping - Mapped "{[/admin/app/list],methods=[GET]}" onto public com.tairanchina.csp.avm.dto.ServiceResult com.tairanchina.csp.avm.controller.AdminController.listApp(int,int,java.lang.String,java.lang.Boolean) 
15:01:03 [localhost-startStop-1] INFO  o.s.w.s.m.m.a.RequestMappingHandlerMapping - Mapped "{[/admin/app/list/bind],methods=[GET]}" onto public com.tairanchina.csp.avm.dto.ServiceResult com.tairanchina.csp.avm.controller.AdminController.listAppWithBindInfo(int,int,java.lang.String) 
15:01:03 [localhost-startStop-1] INFO  o.s.w.s.m.m.a.RequestMappingHandlerMapping - Mapped "{[/admin/app],methods=[POST]}" onto public com.tairanchina.csp.avm.dto.ServiceResult com.tairanchina.csp.avm.controller.AdminController.createApp(com.tairanchina.csp.avm.dto.AppRequestDTO) 
15:01:03 [localhost-startStop-1] INFO  o.s.w.s.m.m.a.RequestMappingHandlerMapping - Mapped "{[/admin/app/{id}],methods=[PUT]}" onto public com.tairanchina.csp.avm.dto.ServiceResult com.tairanchina.csp.avm.controller.AdminController.editApp(int,com.tairanchina.csp.avm.dto.AppRequestDTO) 
15:01:03 [localhost-startStop-1] INFO  o.s.w.s.m.m.a.RequestMappingHandlerMapping - Mapped "{[/admin/app/{appId}],methods=[DELETE]}" onto public com.tairanchina.csp.avm.dto.ServiceResult com.tairanchina.csp.avm.controller.AdminController.deleteApp(int) 
15:01:03 [localhost-startStop-1] INFO  o.s.w.s.m.m.a.RequestMappingHandlerMapping - Mapped "{[/admin/app/list/only/bind],methods=[GET]}" onto public com.tairanchina.csp.avm.dto.ServiceResult com.tairanchina.csp.avm.controller.AdminController.listBindApp(java.lang.String) 
15:01:03 [localhost-startStop-1] INFO  o.s.w.s.m.m.a.RequestMappingHandlerMapping - Mapped "{[/admin/{userId}/{appId}/unBind],methods=[PUT]}" onto public com.tairanchina.csp.avm.dto.ServiceResult com.tairanchina.csp.avm.controller.AdminController.unBind(java.lang.String,int) 
15:01:03 [localhost-startStop-1] INFO  o.s.w.s.m.m.a.RequestMappingHandlerMapping - Mapped "{[/admin/user],methods=[PUT]}" onto public com.tairanchina.csp.avm.dto.ServiceResult com.tairanchina.csp.avm.controller.AdminController.changeNickName(com.tairanchina.csp.avm.dto.AdminUpdateNickNameRequestDTO) 
15:01:03 [localhost-startStop-1] INFO  o.s.w.s.m.m.a.RequestMappingHandlerMapping - Mapped "{[/admin/{userId}/{appId}/bind],methods=[PUT]}" onto public com.tairanchina.csp.avm.dto.ServiceResult com.tairanchina.csp.avm.controller.AdminController.bind(java.lang.String,int) 
15:01:03 [localhost-startStop-1] INFO  o.s.w.s.m.m.a.RequestMappingHandlerMapping - Mapped "{[/admin/app/{id}],methods=[GET]}" onto public com.tairanchina.csp.avm.dto.ServiceResult com.tairanchina.csp.avm.controller.AdminController.app(int) 
15:01:03 [localhost-startStop-1] INFO  o.s.w.s.m.m.a.RequestMappingHandlerMapping - Mapped "{[/android/{id}],methods=[GET]}" onto public com.tairanchina.csp.avm.dto.ServiceResult com.tairanchina.csp.avm.controller.AndroidController.get(int) 
15:01:03 [localhost-startStop-1] INFO  o.s.w.s.m.m.a.RequestMappingHandlerMapping - Mapped "{[/android/{id}],methods=[PUT]}" onto public com.tairanchina.csp.avm.dto.ServiceResult com.tairanchina.csp.avm.controller.AndroidController.update(com.tairanchina.csp.avm.dto.AndroidVersionRequestDTO,int) 
15:01:03 [localhost-startStop-1] INFO  o.s.w.s.m.m.a.RequestMappingHandlerMapping - Mapped "{[/android/{id}],methods=[DELETE]}" onto public com.tairanchina.csp.avm.dto.ServiceResult com.tairanchina.csp.avm.controller.AndroidController.delete(int) 
15:01:03 [localhost-startStop-1] INFO  o.s.w.s.m.m.a.RequestMappingHandlerMapping - Mapped "{[/android],methods=[POST]}" onto public com.tairanchina.csp.avm.dto.ServiceResult com.tairanchina.csp.avm.controller.AndroidController.create(com.tairanchina.csp.avm.dto.AndroidVersionRequestDTO) 
15:01:03 [localhost-startStop-1] INFO  o.s.w.s.m.m.a.RequestMappingHandlerMapping - Mapped "{[/android],methods=[GET]}" onto public com.tairanchina.csp.avm.dto.ServiceResult com.tairanchina.csp.avm.controller.AndroidController.list(int,int,java.lang.String,java.lang.Integer,java.lang.Integer) 
15:01:03 [localhost-startStop-1] INFO  o.s.w.s.m.m.a.RequestMappingHandlerMapping - Mapped "{[/android/{id}/delivery],methods=[PUT]}" onto public com.tairanchina.csp.avm.dto.ServiceResult com.tairanchina.csp.avm.controller.AndroidController.delivery(int) 
15:01:03 [localhost-startStop-1] INFO  o.s.w.s.m.m.a.RequestMappingHandlerMapping - Mapped "{[/android/{id}/undelivery],methods=[PUT]}" onto public com.tairanchina.csp.avm.dto.ServiceResult com.tairanchina.csp.avm.controller.AndroidController.undelivery(int) 
15:01:03 [localhost-startStop-1] INFO  o.s.w.s.m.m.a.RequestMappingHandlerMapping - Mapped "{[/android/versions],methods=[GET]}" onto public com.tairanchina.csp.avm.dto.ServiceResult com.tairanchina.csp.avm.controller.AndroidController.versions() 
15:01:03 [localhost-startStop-1] INFO  o.s.w.s.m.m.a.RequestMappingHandlerMapping - Mapped "{[/apk/{id}],methods=[DELETE]}" onto public com.tairanchina.csp.avm.dto.ServiceResult com.tairanchina.csp.avm.controller.ApkController.delete(int) 
15:01:03 [localhost-startStop-1] INFO  o.s.w.s.m.m.a.RequestMappingHandlerMapping - Mapped "{[/apk],consumes=[application/json;charset=UTF-8],produces=[application/json;charset=UTF-8]}" onto public com.tairanchina.csp.avm.dto.ServiceResult com.tairanchina.csp.avm.controller.ApkController.create(com.tairanchina.csp.avm.dto.UploadFileEntity) 
15:01:03 [localhost-startStop-1] INFO  o.s.w.s.m.m.a.RequestMappingHandlerMapping - Mapped "{[/apk],methods=[GET]}" onto public com.tairanchina.csp.avm.dto.ServiceResult com.tairanchina.csp.avm.controller.ApkController.list(int,int,int,java.lang.String,java.lang.String,java.lang.Integer) 
15:01:03 [localhost-startStop-1] INFO  o.s.w.s.m.m.a.RequestMappingHandlerMapping - Mapped "{[/apk/exists],methods=[GET]}" onto public com.tairanchina.csp.avm.dto.ServiceResult com.tairanchina.csp.avm.controller.ApkController.exists(java.lang.String,java.lang.Integer) 
15:01:03 [localhost-startStop-1] INFO  o.s.w.s.m.m.a.RequestMappingHandlerMapping - Mapped "{[/apk/upload],methods=[POST]}" onto public com.tairanchina.csp.avm.dto.ServiceResult com.tairanchina.csp.avm.controller.ApkController.upload() 
15:01:03 [localhost-startStop-1] INFO  o.s.w.s.m.m.a.RequestMappingHandlerMapping - Mapped "{[/apk/{id}/delivery],methods=[PUT]}" onto public com.tairanchina.csp.avm.dto.ServiceResult com.tairanchina.csp.avm.controller.ApkController.delivery(int) 
15:01:03 [localhost-startStop-1] INFO  o.s.w.s.m.m.a.RequestMappingHandlerMapping - Mapped "{[/apk/{id}/undelivery],methods=[PUT]}" onto public com.tairanchina.csp.avm.dto.ServiceResult com.tairanchina.csp.avm.controller.ApkController.undelivery(int) 
15:01:03 [localhost-startStop-1] INFO  o.s.w.s.m.m.a.RequestMappingHandlerMapping - Mapped "{[/apk/channel/check],methods=[GET]}" onto public com.tairanchina.csp.avm.dto.ServiceResult com.tairanchina.csp.avm.controller.ApkController.checkChannel(java.lang.String) 
15:01:03 [localhost-startStop-1] INFO  o.s.w.s.m.m.a.RequestMappingHandlerMapping - Mapped "{[/app],methods=[POST]}" onto public com.tairanchina.csp.avm.dto.ServiceResult com.tairanchina.csp.avm.controller.AppController.createApp(com.tairanchina.csp.avm.dto.AppRequestDTO) 
15:01:03 [localhost-startStop-1] INFO  o.s.w.s.m.m.a.RequestMappingHandlerMapping - Mapped "{[/app/bind],methods=[GET]}" onto public com.tairanchina.csp.avm.dto.ServiceResult com.tairanchina.csp.avm.controller.AppController.myApp() 
15:01:03 [localhost-startStop-1] INFO  o.s.w.s.m.m.a.RequestMappingHandlerMapping - Mapped "{[/app],methods=[GET]}" onto public com.tairanchina.csp.avm.dto.ServiceResult com.tairanchina.csp.avm.controller.AppController.app(int,int) 
15:01:03 [localhost-startStop-1] INFO  o.s.w.s.m.m.a.RequestMappingHandlerMapping - Mapped "{[/white/add_batch],methods=[POST]}" onto public com.tairanchina.csp.avm.dto.ServiceResult com.tairanchina.csp.avm.controller.AppWhiteListController.batchUpdate(java.lang.String,java.lang.String,org.springframework.web.multipart.MultipartFile) 
15:01:03 [localhost-startStop-1] INFO  o.s.w.s.m.m.a.RequestMappingHandlerMapping - Mapped "{[/white/templet/{type}],methods=[GET]}" onto public java.lang.Object com.tairanchina.csp.avm.controller.AppWhiteListController.generateTemplet(java.lang.String) 
15:01:03 [localhost-startStop-1] INFO  o.s.w.s.m.m.a.RequestMappingHandlerMapping - Mapped "{[/white/check_name/{name}],methods=[GET]}" onto public com.tairanchina.csp.avm.dto.ServiceResult com.tairanchina.csp.avm.controller.AppWhiteListController.checkBatchNameExisit(java.lang.String) 
15:01:03 [localhost-startStop-1] INFO  o.s.w.s.m.m.a.RequestMappingHandlerMapping - Mapped "{[/white/batch],methods=[GET]}" onto public com.tairanchina.csp.avm.dto.ServiceResult com.tairanchina.csp.avm.controller.AppWhiteListController.getBatch(int,int,java.lang.String,java.lang.String) 
15:01:03 [localhost-startStop-1] INFO  o.s.w.s.m.m.a.RequestMappingHandlerMapping - Mapped "{[/white/{batchId}/list],methods=[GET]}" onto public com.tairanchina.csp.avm.dto.ServiceResult com.tairanchina.csp.avm.controller.AppWhiteListController.getWhiteListByBatch(java.lang.Integer) 
15:01:03 [localhost-startStop-1] INFO  o.s.w.s.m.m.a.RequestMappingHandlerMapping - Mapped "{[/white/{batchId}/page],methods=[GET]}" onto public com.tairanchina.csp.avm.dto.ServiceResult com.tairanchina.csp.avm.controller.AppWhiteListController.getWhiteListPageByBatch(int,int,java.lang.Integer,java.lang.String) 
15:01:03 [localhost-startStop-1] INFO  o.s.w.s.m.m.a.RequestMappingHandlerMapping - Mapped "{[/white/page],methods=[GET]}" onto public com.tairanchina.csp.avm.dto.ServiceResult com.tairanchina.csp.avm.controller.AppWhiteListController.getWhiteListBatchByQuery(int,int,java.lang.String,java.lang.String) 
15:01:03 [localhost-startStop-1] INFO  o.s.w.s.m.m.a.RequestMappingHandlerMapping - Mapped "{[/white/{id}],methods=[DELETE]}" onto public com.tairanchina.csp.avm.dto.ServiceResult com.tairanchina.csp.avm.controller.AppWhiteListController.deleteOne(java.lang.Integer) 
15:01:03 [localhost-startStop-1] INFO  o.s.w.s.m.m.a.RequestMappingHandlerMapping - Mapped "{[/white/{batchId}/delete],methods=[DELETE]}" onto public com.tairanchina.csp.avm.dto.ServiceResult com.tairanchina.csp.avm.controller.AppWhiteListController.deleteBatch(java.lang.Integer) 
15:01:03 [localhost-startStop-1] INFO  o.s.w.s.m.m.a.RequestMappingHandlerMapping - Mapped "{[/white/add/batch],methods=[POST]}" onto public com.tairanchina.csp.avm.dto.ServiceResult com.tairanchina.csp.avm.controller.AppWhiteListController.createBatch(com.tairanchina.csp.avm.entity.AppWhiteList) 
15:01:03 [localhost-startStop-1] INFO  o.s.w.s.m.m.a.RequestMappingHandlerMapping - Mapped "{[/white/add/one],methods=[POST]}" onto public com.tairanchina.csp.avm.dto.ServiceResult com.tairanchina.csp.avm.controller.AppWhiteListController.createOne(com.tairanchina.csp.avm.entity.AppWhiteList) 
15:01:03 [localhost-startStop-1] INFO  o.s.w.s.m.m.a.RequestMappingHandlerMapping - Mapped "{[/white/export/{batchId}],methods=[GET]}" onto public java.lang.Object com.tairanchina.csp.avm.controller.AppWhiteListController.exportBatch(java.lang.Integer) 
15:01:03 [localhost-startStop-1] INFO  o.s.w.s.m.m.a.RequestMappingHandlerMapping - Mapped "{[/channel/{id}],methods=[GET]}" onto public com.tairanchina.csp.avm.dto.ServiceResult com.tairanchina.csp.avm.controller.ChannelController.find(int) 
15:01:03 [localhost-startStop-1] INFO  o.s.w.s.m.m.a.RequestMappingHandlerMapping - Mapped "{[/channel/{id}],methods=[DELETE]}" onto public com.tairanchina.csp.avm.dto.ServiceResult com.tairanchina.csp.avm.controller.ChannelController.delete(int) 
15:01:03 [localhost-startStop-1] INFO  o.s.w.s.m.m.a.RequestMappingHandlerMapping - Mapped "{[/channel],methods=[POST]}" onto public com.tairanchina.csp.avm.dto.ServiceResult com.tairanchina.csp.avm.controller.ChannelController.create(com.tairanchina.csp.avm.entity.Channel) 
15:01:03 [localhost-startStop-1] INFO  o.s.w.s.m.m.a.RequestMappingHandlerMapping - Mapped "{[/channel],methods=[GET]}" onto public com.tairanchina.csp.avm.dto.ServiceResult com.tairanchina.csp.avm.controller.ChannelController.list(int,int,java.lang.String,java.lang.String,java.lang.Integer) 
15:01:03 [localhost-startStop-1] INFO  o.s.w.s.m.m.a.RequestMappingHandlerMapping - Mapped "{[/channel/{id}/open],methods=[PUT]}" onto public com.tairanchina.csp.avm.dto.ServiceResult com.tairanchina.csp.avm.controller.ChannelController.open(int) 
15:01:03 [localhost-startStop-1] INFO  o.s.w.s.m.m.a.RequestMappingHandlerMapping - Mapped "{[/channel/{id}/scrap],methods=[PUT]}" onto public com.tairanchina.csp.avm.dto.ServiceResult com.tairanchina.csp.avm.controller.ChannelController.scrap(int) 
15:01:03 [localhost-startStop-1] INFO  o.s.w.s.m.m.a.RequestMappingHandlerMapping - Mapped "{[/channel/{id}/edit],methods=[PUT]}" onto public com.tairanchina.csp.avm.dto.ServiceResult com.tairanchina.csp.avm.controller.ChannelController.edit(int,com.tairanchina.csp.avm.entity.Channel) 
15:01:03 [localhost-startStop-1] INFO  o.s.w.s.m.m.a.RequestMappingHandlerMapping - Mapped "{[/chatbot/{appId}],methods=[DELETE]}" onto public com.tairanchina.csp.avm.dto.ServiceResult com.tairanchina.csp.avm.controller.ChatBotController.delete(java.lang.Integer) 
15:01:03 [localhost-startStop-1] INFO  o.s.w.s.m.m.a.RequestMappingHandlerMapping - Mapped "{[/chatbot],methods=[POST]}" onto public com.tairanchina.csp.avm.dto.ServiceResult com.tairanchina.csp.avm.controller.ChatBotController.create(com.tairanchina.csp.avm.dto.ChatBotReq) 
15:01:03 [localhost-startStop-1] INFO  o.s.w.s.m.m.a.RequestMappingHandlerMapping - Mapped "{[/chatbot/getByAppId/{appId}],methods=[GET]}" onto public com.tairanchina.csp.avm.dto.ServiceResult com.tairanchina.csp.avm.controller.ChatBotController.getByAppId(java.lang.Integer) 
15:01:03 [localhost-startStop-1] INFO  o.s.w.s.m.m.a.RequestMappingHandlerMapping - Mapped "{[/chatbot],methods=[PUT]}" onto public com.tairanchina.csp.avm.dto.ServiceResult com.tairanchina.csp.avm.controller.ChatBotController.edit(com.tairanchina.csp.avm.dto.ChatBotReq) 
15:01:03 [localhost-startStop-1] INFO  o.s.w.s.m.m.a.RequestMappingHandlerMapping - Mapped "{[/chatbot/event],methods=[GET]}" onto public com.tairanchina.csp.avm.dto.ServiceResult com.tairanchina.csp.avm.controller.ChatBotController.listEvent() 
15:01:03 [localhost-startStop-1] INFO  o.s.w.s.m.m.a.RequestMappingHandlerMapping - Mapped "{[/capi],methods=[GET]}" onto public com.tairanchina.csp.avm.dto.ServiceResult com.tairanchina.csp.avm.controller.CustomApiController.list(int,int,java.lang.String,java.lang.String) 
15:01:03 [localhost-startStop-1] INFO  o.s.w.s.m.m.a.RequestMappingHandlerMapping - Mapped "{[/capi/{id}],methods=[GET]}" onto public com.tairanchina.csp.avm.dto.ServiceResult com.tairanchina.csp.avm.controller.CustomApiController.findCustomApi(java.lang.Integer) 
15:01:03 [localhost-startStop-1] INFO  o.s.w.s.m.m.a.RequestMappingHandlerMapping - Mapped "{[/capi/add],methods=[POST]}" onto public com.tairanchina.csp.avm.dto.ServiceResult com.tairanchina.csp.avm.controller.CustomApiController.addCustomApi(com.tairanchina.csp.avm.dto.CustomApiRequestDTO) 
15:01:03 [localhost-startStop-1] INFO  o.s.w.s.m.m.a.RequestMappingHandlerMapping - Mapped "{[/capi/update/{id}],methods=[PUT]}" onto public com.tairanchina.csp.avm.dto.ServiceResult com.tairanchina.csp.avm.controller.CustomApiController.updateCustomApi(java.lang.Integer,com.tairanchina.csp.avm.dto.CustomApiRequestDTO) 
15:01:03 [localhost-startStop-1] INFO  o.s.w.s.m.m.a.RequestMappingHandlerMapping - Mapped "{[/capi/{id}],methods=[DELETE]}" onto public com.tairanchina.csp.avm.dto.ServiceResult com.tairanchina.csp.avm.controller.CustomApiController.deleteCustomApiForver(java.lang.Integer) 
15:01:03 [localhost-startStop-1] INFO  o.s.w.s.m.m.a.RequestMappingHandlerMapping - Mapped "{[/capi/{id}],methods=[PUT]}" onto public com.tairanchina.csp.avm.dto.ServiceResult com.tairanchina.csp.avm.controller.CustomApiController.deleteCustomApi(java.lang.Integer) 
15:01:03 [localhost-startStop-1] INFO  o.s.w.s.m.m.a.RequestMappingHandlerMapping - Mapped "{[/ios/{id}],methods=[GET]}" onto public com.tairanchina.csp.avm.dto.ServiceResult com.tairanchina.csp.avm.controller.IosController.get(int) 
15:01:03 [localhost-startStop-1] INFO  o.s.w.s.m.m.a.RequestMappingHandlerMapping - Mapped "{[/ios/{id}],methods=[PUT]}" onto public com.tairanchina.csp.avm.dto.ServiceResult com.tairanchina.csp.avm.controller.IosController.update(com.tairanchina.csp.avm.dto.IosVersionRequestDTO,int) 
15:01:03 [localhost-startStop-1] INFO  o.s.w.s.m.m.a.RequestMappingHandlerMapping - Mapped "{[/ios/{id}],methods=[DELETE]}" onto public com.tairanchina.csp.avm.dto.ServiceResult com.tairanchina.csp.avm.controller.IosController.delete(int) 
15:01:03 [localhost-startStop-1] INFO  o.s.w.s.m.m.a.RequestMappingHandlerMapping - Mapped "{[/ios],methods=[POST]}" onto public com.tairanchina.csp.avm.dto.ServiceResult com.tairanchina.csp.avm.controller.IosController.create(com.tairanchina.csp.avm.dto.IosVersionRequestDTO) 
15:01:03 [localhost-startStop-1] INFO  o.s.w.s.m.m.a.RequestMappingHandlerMapping - Mapped "{[/ios],methods=[GET]}" onto public com.tairanchina.csp.avm.dto.ServiceResult com.tairanchina.csp.avm.controller.IosController.list(int,int,java.lang.String,java.lang.Integer,java.lang.Integer) 
15:01:03 [localhost-startStop-1] INFO  o.s.w.s.m.m.a.RequestMappingHandlerMapping - Mapped "{[/ios/{id}/delivery],methods=[PUT]}" onto public com.tairanchina.csp.avm.dto.ServiceResult com.tairanchina.csp.avm.controller.IosController.delivery(int) 
15:01:03 [localhost-startStop-1] INFO  o.s.w.s.m.m.a.RequestMappingHandlerMapping - Mapped "{[/ios/{id}/undelivery],methods=[PUT]}" onto public com.tairanchina.csp.avm.dto.ServiceResult com.tairanchina.csp.avm.controller.IosController.undelivery(int) 
15:01:03 [localhost-startStop-1] INFO  o.s.w.s.m.m.a.RequestMappingHandlerMapping - Mapped "{[/ios/versions],methods=[GET]}" onto public com.tairanchina.csp.avm.dto.ServiceResult com.tairanchina.csp.avm.controller.IosController.versions() 
15:01:03 [localhost-startStop-1] INFO  o.s.w.s.m.m.a.RequestMappingHandlerMapping - Mapped "{[/log/delete/{id}],methods=[PUT]}" onto public com.tairanchina.csp.avm.dto.ServiceResult com.tairanchina.csp.avm.controller.OperationRecordLogController.delete(java.lang.Integer) 
15:01:03 [localhost-startStop-1] INFO  o.s.w.s.m.m.a.RequestMappingHandlerMapping - Mapped "{[/log],methods=[GET]}" onto public com.tairanchina.csp.avm.dto.ServiceResult com.tairanchina.csp.avm.controller.OperationRecordLogController.list(int,int,java.lang.String,java.lang.String,java.lang.Integer,java.lang.String,java.lang.String,java.lang.String,java.lang.String) 
15:01:03 [localhost-startStop-1] INFO  o.s.w.s.m.m.a.RequestMappingHandlerMapping - Mapped "{[/log/{id}],methods=[GET]}" onto public com.tairanchina.csp.avm.dto.ServiceResult com.tairanchina.csp.avm.controller.OperationRecordLogController.getOperationRecordLog(java.lang.Integer) 
15:01:03 [localhost-startStop-1] INFO  o.s.w.s.m.m.a.RequestMappingHandlerMapping - Mapped "{[/log/{id}],methods=[DELETE]}" onto public com.tairanchina.csp.avm.dto.ServiceResult com.tairanchina.csp.avm.controller.OperationRecordLogController.deleteForever(java.lang.Integer) 
15:01:03 [localhost-startStop-1] INFO  o.s.w.s.m.m.a.RequestMappingHandlerMapping - Mapped "{[/log/type],methods=[GET]}" onto public com.tairanchina.csp.avm.dto.ServiceResult com.tairanchina.csp.avm.controller.OperationRecordLogController.getOperationType() 
15:01:03 [localhost-startStop-1] INFO  o.s.w.s.m.m.a.RequestMappingHandlerMapping - Mapped "{[/log/resource],methods=[GET]}" onto public com.tairanchina.csp.avm.dto.ServiceResult com.tairanchina.csp.avm.controller.OperationRecordLogController.getOperationResource() 
15:01:03 [localhost-startStop-1] INFO  o.s.w.s.m.m.a.RequestMappingHandlerMapping - Mapped "{[/log/{resource}/type],methods=[GET]}" onto public com.tairanchina.csp.avm.dto.ServiceResult com.tairanchina.csp.avm.controller.OperationRecordLogController.getOperationResourceType(java.lang.String) 
15:01:03 [localhost-startStop-1] INFO  o.s.w.s.m.m.a.RequestMappingHandlerMapping - Mapped "{[/package/{id}],methods=[PUT]}" onto public com.tairanchina.csp.avm.dto.ServiceResult com.tairanchina.csp.avm.controller.RnPackageController.update(int,com.tairanchina.csp.avm.dto.RnPackageRequestDTO) 
15:01:03 [localhost-startStop-1] INFO  o.s.w.s.m.m.a.RequestMappingHandlerMapping - Mapped "{[/package/{id}],methods=[GET]}" onto public com.tairanchina.csp.avm.dto.ServiceResult com.tairanchina.csp.avm.controller.RnPackageController.find(int) 
15:01:03 [localhost-startStop-1] INFO  o.s.w.s.m.m.a.RequestMappingHandlerMapping - Mapped "{[/package/{id}],methods=[DELETE]}" onto public com.tairanchina.csp.avm.dto.ServiceResult com.tairanchina.csp.avm.controller.RnPackageController.delete(int) 
15:01:03 [localhost-startStop-1] INFO  o.s.w.s.m.m.a.RequestMappingHandlerMapping - Mapped "{[/package],methods=[POST]}" onto public com.tairanchina.csp.avm.dto.ServiceResult com.tairanchina.csp.avm.controller.RnPackageController.create(com.tairanchina.csp.avm.dto.RnPackageRequestDTO) 
15:01:03 [localhost-startStop-1] INFO  o.s.w.s.m.m.a.RequestMappingHandlerMapping - Mapped "{[/package],methods=[GET]}" onto public com.tairanchina.csp.avm.dto.ServiceResult com.tairanchina.csp.avm.controller.RnPackageController.list(int,int,java.lang.String,java.lang.String,java.lang.Integer) 
15:01:03 [localhost-startStop-1] INFO  o.s.w.s.m.m.a.RequestMappingHandlerMapping - Mapped "{[/route/{id}],methods=[PUT]}" onto public com.tairanchina.csp.avm.dto.ServiceResult com.tairanchina.csp.avm.controller.RnRouteController.update(int,com.tairanchina.csp.avm.dto.RnRouteRequestDTO) 
15:01:03 [localhost-startStop-1] INFO  o.s.w.s.m.m.a.RequestMappingHandlerMapping - Mapped "{[/route/{id}],methods=[GET]}" onto public com.tairanchina.csp.avm.dto.ServiceResult com.tairanchina.csp.avm.controller.RnRouteController.find(int) 
15:01:03 [localhost-startStop-1] INFO  o.s.w.s.m.m.a.RequestMappingHandlerMapping - Mapped "{[/route/{id}],methods=[DELETE]}" onto public com.tairanchina.csp.avm.dto.ServiceResult com.tairanchina.csp.avm.controller.RnRouteController.delete(int) 
15:01:03 [localhost-startStop-1] INFO  o.s.w.s.m.m.a.RequestMappingHandlerMapping - Mapped "{[/route],methods=[POST]}" onto public com.tairanchina.csp.avm.dto.ServiceResult com.tairanchina.csp.avm.controller.RnRouteController.create(com.tairanchina.csp.avm.dto.RnRouteRequestDTO) 
15:01:03 [localhost-startStop-1] INFO  o.s.w.s.m.m.a.RequestMappingHandlerMapping - Mapped "{[/route],methods=[GET]}" onto public com.tairanchina.csp.avm.dto.ServiceResult com.tairanchina.csp.avm.controller.RnRouteController.list(int,int,java.lang.String,java.lang.String,java.lang.String,java.lang.Integer) 
15:01:03 [localhost-startStop-1] INFO  o.s.w.s.m.m.a.RequestMappingHandlerMapping - Mapped "{[/user/register],methods=[POST]}" onto public com.tairanchina.csp.avm.dto.ServiceResult com.tairanchina.csp.avm.controller.UserController.register(com.tairanchina.csp.avm.dto.RegisterReq) 
15:01:03 [localhost-startStop-1] INFO  o.s.w.s.m.m.a.RequestMappingHandlerMapping - Mapped "{[/user/changePassword],methods=[POST]}" onto public com.tairanchina.csp.avm.dto.ServiceResult com.tairanchina.csp.avm.controller.UserController.register(com.tairanchina.csp.avm.dto.ChangePasswordReq) 
15:01:03 [localhost-startStop-1] INFO  o.s.w.s.m.m.a.RequestMappingHandlerMapping - Mapped "{[/user/set],methods=[GET]}" onto public com.tairanchina.csp.avm.dto.ServiceResult com.tairanchina.csp.avm.controller.UserController.set(java.lang.String,java.lang.String) 
15:01:03 [localhost-startStop-1] INFO  o.s.w.s.m.m.a.RequestMappingHandlerMapping - Mapped "{[/user/update/{nickName}],methods=[PUT]}" onto public com.tairanchina.csp.avm.dto.ServiceResult com.tairanchina.csp.avm.controller.UserController.changeNickName(java.lang.String) 
15:01:03 [localhost-startStop-1] INFO  o.s.w.s.m.m.a.RequestMappingHandlerMapping - Mapped "{[/user/nick],methods=[GET]}" onto public com.tairanchina.csp.avm.dto.ServiceResult com.tairanchina.csp.avm.controller.UserController.change(java.lang.String,java.lang.String,java.lang.String) 
15:01:03 [localhost-startStop-1] INFO  o.s.w.s.m.m.a.RequestMappingHandlerMapping - Mapped "{[/user/login],methods=[POST]}" onto public com.tairanchina.csp.avm.dto.ServiceResult com.tairanchina.csp.avm.controller.UserController.login(com.tairanchina.csp.avm.dto.LoginReq) 
15:01:03 [localhost-startStop-1] INFO  o.s.w.s.m.m.a.RequestMappingHandlerMapping - Mapped "{[/management-admin/doc/offline],methods=[PUT]}" onto public java.lang.String com.tairanchina.csp.dew.core.doc.DocController.generateOfflineDoc(com.tairanchina.csp.dew.core.doc.OfflineDocGenerateReq) throws java.lang.Exception 
15:01:03 [localhost-startStop-1] INFO  o.s.w.s.m.m.a.RequestMappingHandlerMapping - Mapped "{[/error]}" onto public java.lang.Object com.tairanchina.csp.dew.core.web.error.ErrorController.error(javax.servlet.http.HttpServletRequest) 
15:01:03 [localhost-startStop-1] INFO  o.s.w.s.m.m.a.RequestMappingHandlerMapping - Mapped "{[/swagger-resources/configuration/ui]}" onto public org.springframework.http.ResponseEntity<springfox.documentation.swagger.web.UiConfiguration> springfox.documentation.swagger.web.ApiResourceController.uiConfiguration() 
15:01:03 [localhost-startStop-1] INFO  o.s.w.s.m.m.a.RequestMappingHandlerMapping - Mapped "{[/swagger-resources/configuration/security]}" onto public org.springframework.http.ResponseEntity<springfox.documentation.swagger.web.SecurityConfiguration> springfox.documentation.swagger.web.ApiResourceController.securityConfiguration() 
15:01:03 [localhost-startStop-1] INFO  o.s.w.s.m.m.a.RequestMappingHandlerMapping - Mapped "{[/swagger-resources]}" onto public org.springframework.http.ResponseEntity<java.util.List<springfox.documentation.swagger.web.SwaggerResource>> springfox.documentation.swagger.web.ApiResourceController.swaggerResources() 
15:01:03 [localhost-startStop-1] INFO  o.s.w.s.h.SimpleUrlHandlerMapping - Mapped URL path [/webjars/**] onto handler of type [class org.springframework.web.servlet.resource.ResourceHttpRequestHandler] 
15:01:03 [localhost-startStop-1] INFO  o.s.w.s.h.SimpleUrlHandlerMapping - Mapped URL path [/**] onto handler of type [class org.springframework.web.servlet.resource.ResourceHttpRequestHandler] 
15:01:03 [localhost-startStop-1] INFO  o.s.w.s.h.SimpleUrlHandlerMapping - Mapped URL path [/**/favicon.ico] onto handler of type [class org.springframework.web.servlet.resource.ResourceHttpRequestHandler] 
15:01:03 [localhost-startStop-1] INFO  o.s.b.a.e.m.EndpointHandlerMapping - Mapped "{[/configprops || /configprops.json],methods=[GET],produces=[application/vnd.spring-boot.actuator.v1+json || application/json]}" onto public java.lang.Object org.springframework.boot.actuate.endpoint.mvc.EndpointMvcAdapter.invoke() 
15:01:03 [localhost-startStop-1] INFO  o.s.b.a.e.m.EndpointHandlerMapping - Mapped "{[/mappings || /mappings.json],methods=[GET],produces=[application/vnd.spring-boot.actuator.v1+json || application/json]}" onto public java.lang.Object org.springframework.boot.actuate.endpoint.mvc.EndpointMvcAdapter.invoke() 
15:01:03 [localhost-startStop-1] INFO  o.s.b.a.e.m.EndpointHandlerMapping - Mapped "{[/loggers/{name:.*}],methods=[GET],produces=[application/vnd.spring-boot.actuator.v1+json || application/json]}" onto public java.lang.Object org.springframework.boot.actuate.endpoint.mvc.LoggersMvcEndpoint.get(java.lang.String) 
15:01:03 [localhost-startStop-1] INFO  o.s.b.a.e.m.EndpointHandlerMapping - Mapped "{[/loggers/{name:.*}],methods=[POST],consumes=[application/vnd.spring-boot.actuator.v1+json || application/json],produces=[application/vnd.spring-boot.actuator.v1+json || application/json]}" onto public java.lang.Object org.springframework.boot.actuate.endpoint.mvc.LoggersMvcEndpoint.set(java.lang.String,java.util.Map<java.lang.String, java.lang.String>) 
15:01:03 [localhost-startStop-1] INFO  o.s.b.a.e.m.EndpointHandlerMapping - Mapped "{[/loggers || /loggers.json],methods=[GET],produces=[application/vnd.spring-boot.actuator.v1+json || application/json]}" onto public java.lang.Object org.springframework.boot.actuate.endpoint.mvc.EndpointMvcAdapter.invoke() 
15:01:03 [localhost-startStop-1] INFO  o.s.b.a.e.m.EndpointHandlerMapping - Mapped "{[/beans || /beans.json],methods=[GET],produces=[application/vnd.spring-boot.actuator.v1+json || application/json]}" onto public java.lang.Object org.springframework.boot.actuate.endpoint.mvc.EndpointMvcAdapter.invoke() 
15:01:03 [localhost-startStop-1] INFO  o.s.b.a.e.m.EndpointHandlerMapping - Mapped "{[/trace || /trace.json],methods=[GET],produces=[application/vnd.spring-boot.actuator.v1+json || application/json]}" onto public java.lang.Object org.springframework.boot.actuate.endpoint.mvc.EndpointMvcAdapter.invoke() 
15:01:03 [localhost-startStop-1] INFO  o.s.b.a.e.m.EndpointHandlerMapping - Mapped "{[/auditevents || /auditevents.json],methods=[GET],produces=[application/vnd.spring-boot.actuator.v1+json || application/json]}" onto public org.springframework.http.ResponseEntity<?> org.springframework.boot.actuate.endpoint.mvc.AuditEventsMvcEndpoint.findByPrincipalAndAfterAndType(java.lang.String,java.util.Date,java.lang.String) 
15:01:03 [localhost-startStop-1] INFO  o.s.b.a.e.m.EndpointHandlerMapping - Mapped "{[/heapdump || /heapdump.json],methods=[GET],produces=[application/octet-stream]}" onto public void org.springframework.boot.actuate.endpoint.mvc.HeapdumpMvcEndpoint.invoke(boolean,javax.servlet.http.HttpServletRequest,javax.servlet.http.HttpServletResponse) throws java.io.IOException,javax.servlet.ServletException 
15:01:03 [localhost-startStop-1] INFO  o.s.b.a.e.m.EndpointHandlerMapping - Mapped "{[/env/{name:.*}],methods=[GET],produces=[application/vnd.spring-boot.actuator.v1+json || application/json]}" onto public java.lang.Object org.springframework.boot.actuate.endpoint.mvc.EnvironmentMvcEndpoint.value(java.lang.String) 
15:01:03 [localhost-startStop-1] INFO  o.s.b.a.e.m.EndpointHandlerMapping - Mapped "{[/env || /env.json],methods=[GET],produces=[application/vnd.spring-boot.actuator.v1+json || application/json]}" onto public java.lang.Object org.springframework.boot.actuate.endpoint.mvc.EndpointMvcAdapter.invoke() 
15:01:03 [localhost-startStop-1] INFO  o.s.b.a.e.m.EndpointHandlerMapping - Mapped "{[/autoconfig || /autoconfig.json],methods=[GET],produces=[application/vnd.spring-boot.actuator.v1+json || application/json]}" onto public java.lang.Object org.springframework.boot.actuate.endpoint.mvc.EndpointMvcAdapter.invoke() 
15:01:03 [localhost-startStop-1] INFO  o.s.b.a.e.m.EndpointHandlerMapping - Mapped "{[/health || /health.json],methods=[GET],produces=[application/vnd.spring-boot.actuator.v1+json || application/json]}" onto public java.lang.Object org.springframework.boot.actuate.endpoint.mvc.HealthMvcEndpoint.invoke(javax.servlet.http.HttpServletRequest,java.security.Principal) 
15:01:03 [localhost-startStop-1] INFO  o.s.b.a.e.m.EndpointHandlerMapping - Mapped "{[/metrics/{name:.*}],methods=[GET],produces=[application/vnd.spring-boot.actuator.v1+json || application/json]}" onto public java.lang.Object org.springframework.boot.actuate.endpoint.mvc.MetricsMvcEndpoint.value(java.lang.String) 
15:01:03 [localhost-startStop-1] INFO  o.s.b.a.e.m.EndpointHandlerMapping - Mapped "{[/metrics || /metrics.json],methods=[GET],produces=[application/vnd.spring-boot.actuator.v1+json || application/json]}" onto public java.lang.Object org.springframework.boot.actuate.endpoint.mvc.EndpointMvcAdapter.invoke() 
15:01:03 [localhost-startStop-1] INFO  o.s.b.a.e.m.EndpointHandlerMapping - Mapped "{[/logfile || /logfile.json],methods=[GET || HEAD]}" onto public void org.springframework.boot.actuate.endpoint.mvc.LogFileMvcEndpoint.invoke(javax.servlet.http.HttpServletRequest,javax.servlet.http.HttpServletResponse) throws javax.servlet.ServletException,java.io.IOException 
15:01:03 [localhost-startStop-1] INFO  o.s.b.a.e.m.EndpointHandlerMapping - Mapped "{[/info || /info.json],methods=[GET],produces=[application/vnd.spring-boot.actuator.v1+json || application/json]}" onto public java.lang.Object org.springframework.boot.actuate.endpoint.mvc.EndpointMvcAdapter.invoke() 
15:01:03 [localhost-startStop-1] INFO  o.s.b.a.e.m.EndpointHandlerMapping - Mapped "{[/dump || /dump.json],methods=[GET],produces=[application/vnd.spring-boot.actuator.v1+json || application/json]}" onto public java.lang.Object org.springframework.boot.actuate.endpoint.mvc.EndpointMvcAdapter.invoke() 
15:01:04 [localhost-startStop-1] INFO  o.s.b.w.s.ServletRegistrationBean - Mapping servlet: 'dispatcherServlet' to [/] 
15:01:04 [localhost-startStop-1] INFO  o.s.b.w.s.FilterRegistrationBean - Mapping filter: 'dewStartupFilter' to: [/*] 
15:01:04 [localhost-startStop-1] INFO  o.s.b.w.s.FilterRegistrationBean - Mapping filter: 'webMetricsFilter' to: [/*] 
15:01:04 [localhost-startStop-1] INFO  o.s.b.w.s.FilterRegistrationBean - Mapping filter: 'metricsFilter' to: [/*] 
15:01:04 [localhost-startStop-1] INFO  o.s.b.w.s.FilterRegistrationBean - Mapping filter: 'characterEncodingFilter' to: [/*] 
15:01:04 [localhost-startStop-1] INFO  o.s.b.w.s.FilterRegistrationBean - Mapping filter: 'hiddenHttpMethodFilter' to: [/*] 
15:01:04 [localhost-startStop-1] INFO  o.s.b.w.s.FilterRegistrationBean - Mapping filter: 'httpPutFormContentFilter' to: [/*] 
15:01:04 [localhost-startStop-1] INFO  o.s.b.w.s.FilterRegistrationBean - Mapping filter: 'requestContextFilter' to: [/*] 
15:01:04 [localhost-startStop-1] INFO  o.s.b.w.s.FilterRegistrationBean - Mapping filter: 'webRequestLoggingFilter' to: [/*] 
15:01:04 [localhost-startStop-1] INFO  o.s.b.w.s.FilterRegistrationBean - Mapping filter: 'applicationContextIdFilter' to: [/*] 
15:01:05 [main] INFO  o.s.w.s.m.m.a.RequestMappingHandlerAdapter - Looking for @ControllerAdvice: org.springframework.boot.context.embedded.AnnotationConfigEmbeddedWebApplicationContext@3246fb96: startup date [Wed Feb 27 15:00:55 CST 2019]; root of context hierarchy 
15:01:05 [main] INFO  o.s.j.e.a.AnnotationMBeanExporter - Registering beans for JMX exposure on startup 
15:01:05 [main] INFO  o.s.c.s.DefaultLifecycleProcessor - Starting beans in phase 0 
15:01:06 [main] INFO  o.s.c.s.DefaultLifecycleProcessor - Starting beans in phase 2147483647 
15:01:06 [main] INFO  s.d.s.w.p.DocumentationPluginsBootstrapper - Context refreshed 
15:01:06 [main] INFO  s.d.s.w.p.DocumentationPluginsBootstrapper - Found 1 custom documentation plugin(s) 
15:01:06 [main] INFO  s.d.s.w.s.ApiListingReferenceScanner - Scanning for api listing references 
15:01:06 [main] INFO  s.d.s.w.r.o.CachingOperationNameGenerator - Generating unique operation named: createUsingPOST_1 
15:01:06 [main] INFO  s.d.s.w.r.o.CachingOperationNameGenerator - Generating unique operation named: deleteUsingDELETE_1 
15:01:06 [main] INFO  s.d.s.w.r.o.CachingOperationNameGenerator - Generating unique operation named: deliveryUsingPUT_1 
15:01:06 [main] INFO  s.d.s.w.r.o.CachingOperationNameGenerator - Generating unique operation named: listUsingGET_1 
15:01:06 [main] INFO  s.d.s.w.r.o.CachingOperationNameGenerator - Generating unique operation named: undeliveryUsingPUT_1 
15:01:06 [main] INFO  s.d.s.w.r.o.CachingOperationNameGenerator - Generating unique operation named: appUsingGET_1 
15:01:06 [main] INFO  s.d.s.w.r.o.CachingOperationNameGenerator - Generating unique operation named: createAppUsingPOST_1 
15:01:06 [main] INFO  s.d.s.w.r.o.CachingOperationNameGenerator - Generating unique operation named: createUsingPOST_2 
15:01:06 [main] INFO  s.d.s.w.r.o.CachingOperationNameGenerator - Generating unique operation named: deleteUsingDELETE_2 
15:01:06 [main] INFO  s.d.s.w.r.o.CachingOperationNameGenerator - Generating unique operation named: listUsingGET_2 
15:01:06 [main] INFO  s.d.s.w.r.o.CachingOperationNameGenerator - Generating unique operation named: createUsingPOST_3 
15:01:06 [main] INFO  s.d.s.w.r.o.CachingOperationNameGenerator - Generating unique operation named: deleteUsingDELETE_3 
15:01:06 [main] INFO  s.d.s.w.r.o.CachingOperationNameGenerator - Generating unique operation named: editUsingPUT_1 
15:01:06 [main] INFO  s.d.s.w.r.o.CachingOperationNameGenerator - Generating unique operation named: listUsingGET_3 
15:01:06 [main] INFO  s.d.s.w.r.o.CachingOperationNameGenerator - Generating unique operation named: createUsingPOST_4 
15:01:06 [main] INFO  s.d.s.w.r.o.CachingOperationNameGenerator - Generating unique operation named: deleteUsingDELETE_4 
15:01:06 [main] INFO  s.d.s.w.r.o.CachingOperationNameGenerator - Generating unique operation named: deliveryUsingPUT_2 
15:01:06 [main] INFO  s.d.s.w.r.o.CachingOperationNameGenerator - Generating unique operation named: getUsingGET_1 
15:01:06 [main] INFO  s.d.s.w.r.o.CachingOperationNameGenerator - Generating unique operation named: listUsingGET_4 
15:01:06 [main] INFO  s.d.s.w.r.o.CachingOperationNameGenerator - Generating unique operation named: undeliveryUsingPUT_2 
15:01:06 [main] INFO  s.d.s.w.r.o.CachingOperationNameGenerator - Generating unique operation named: updateUsingPUT_1 
15:01:06 [main] INFO  s.d.s.w.r.o.CachingOperationNameGenerator - Generating unique operation named: versionsUsingGET_1 
15:01:06 [main] INFO  s.d.s.w.r.o.CachingOperationNameGenerator - Generating unique operation named: listUsingGET_5 
15:01:06 [main] INFO  s.d.s.w.r.o.CachingOperationNameGenerator - Generating unique operation named: createUsingPOST_5 
15:01:06 [main] INFO  s.d.s.w.r.o.CachingOperationNameGenerator - Generating unique operation named: deleteUsingDELETE_5 
15:01:06 [main] INFO  s.d.s.w.r.o.CachingOperationNameGenerator - Generating unique operation named: findUsingGET_1 
15:01:06 [main] INFO  s.d.s.w.r.o.CachingOperationNameGenerator - Generating unique operation named: listUsingGET_6 
15:01:06 [main] INFO  s.d.s.w.r.o.CachingOperationNameGenerator - Generating unique operation named: updateUsingPUT_2 
15:01:06 [main] INFO  s.d.s.w.r.o.CachingOperationNameGenerator - Generating unique operation named: createUsingPOST_6 
15:01:06 [main] INFO  s.d.s.w.r.o.CachingOperationNameGenerator - Generating unique operation named: deleteUsingDELETE_6 
15:01:06 [main] INFO  s.d.s.w.r.o.CachingOperationNameGenerator - Generating unique operation named: findUsingGET_2 
15:01:06 [main] INFO  s.d.s.w.r.o.CachingOperationNameGenerator - Generating unique operation named: listUsingGET_7 
15:01:06 [main] INFO  s.d.s.w.r.o.CachingOperationNameGenerator - Generating unique operation named: updateUsingPUT_3 
15:01:06 [main] INFO  s.d.s.w.r.o.CachingOperationNameGenerator - Generating unique operation named: changeNickNameUsingPUT_1 
15:01:06 [main] INFO  s.d.s.w.r.o.CachingOperationNameGenerator - Generating unique operation named: registerUsingPOST_1 
15:01:06 [main] INFO  o.s.b.c.e.t.TomcatEmbeddedServletContainer - Tomcat started on port(s): 8086 (http) 
15:01:06 [main] INFO  c.t.c.a.AppVersionManagerApplication - Started AppVersionManagerApplication in 11.968 seconds (JVM running for 13.036) 
15:22:24 [Thread-33] INFO  o.s.b.c.e.AnnotationConfigEmbeddedWebApplicationContext - Closing org.springframework.boot.context.embedded.AnnotationConfigEmbeddedWebApplicationContext@3246fb96: startup date [Wed Feb 27 15:00:55 CST 2019]; root of context hierarchy 
15:22:24 [Thread-33] INFO  o.s.c.s.DefaultLifecycleProcessor - Stopping beans in phase 2147483647 
15:22:24 [Thread-33] INFO  o.s.c.s.DefaultLifecycleProcessor - Stopping beans in phase 0 
15:22:24 [Thread-33] INFO  o.s.j.e.a.AnnotationMBeanExporter - Unregistering JMX-exposed beans on shutdown 
